[debug] [2025-06-11T18:01:40.379Z] ----------------------------------------------------------------------
[debug] [2025-06-11T18:01:40.383Z] Command:       C:\Program Files\nodejs\node.exe C:\Users\srang\AppData\Roaming\npm\node_modules\firebase-tools\lib\bin\firebase.js init hosting
[debug] [2025-06-11T18:01:40.384Z] CLI Version:   14.6.0
[debug] [2025-06-11T18:01:40.384Z] Platform:      win32
[debug] [2025-06-11T18:01:40.384Z] Node Version:  v22.16.0
[debug] [2025-06-11T18:01:40.384Z] Time:          Wed Jun 11 2025 11:01:40 GMT-0700 (Pacific Daylight Time)
[debug] [2025-06-11T18:01:40.385Z] ----------------------------------------------------------------------
[debug] 
[debug] [2025-06-11T18:01:40.392Z] > command requires scopes: ["email","openid","https://www.googleapis.com/auth/cloudplatformprojects.readonly","https://www.googleapis.com/auth/firebase","https://www.googleapis.com/auth/cloud-platform"]
[debug] [2025-06-11T18:01:40.392Z] > authorizing via signed-in user (srangel674@gmail.com)
[info] 
     ######## #### ########  ######## ########     ###     ######  ########
     ##        ##  ##     ## ##       ##     ##  ##   ##  ##       ##
     ######    ##  ########  ######   ########  #########  ######  ######
     ##        ##  ##    ##  ##       ##     ## ##     ##       ## ##
     ##       #### ##     ## ######## ########  ##     ##  ######  ########

You're about to initialize a Firebase project in this directory:

  C:\Users\srang\Desktop\dnd-helper

[info] 
=== Project Setup
[info] 
[info] First, let's associate this project directory with a Firebase project.
[info] You can create multiple project aliases by running firebase use --add, 
[info] but for now we'll just set up a default project.
[info] 
[info] i  If you want to create a project in a Google Cloud organization or folder, please use "firebase projects:create" instead, and return to this command when you've created the project. 
[debug] [2025-06-11T18:02:21.869Z] Checked if tokens are valid: true, expires at: 1749668472904
[debug] [2025-06-11T18:02:21.870Z] Checked if tokens are valid: true, expires at: 1749668472904
[debug] [2025-06-11T18:02:21.872Z] >>> [apiv2][query] POST https://cloudresourcemanager.googleapis.com/v1/projects [none]
[debug] [2025-06-11T18:02:21.872Z] >>> [apiv2][body] POST https://cloudresourcemanager.googleapis.com/v1/projects {"projectId":"DndHelper","name":"DndHelper"}
[debug] [2025-06-11T18:02:22.347Z] <<< [apiv2][status] POST https://cloudresourcemanager.googleapis.com/v1/projects 400
[debug] [2025-06-11T18:02:22.348Z] <<< [apiv2][body] POST https://cloudresourcemanager.googleapis.com/v1/projects {"error":{"code":400,"message":"field [project_id] has issue [project_id contains invalid characters]","status":"INVALID_ARGUMENT","details":[{"@type":"type.googleapis.com/google.rpc.BadRequest","fieldViolations":[{"field":"project_id","description":"project_id contains invalid characters"}]},{"@type":"type.googleapis.com/google.rpc.Help","links":[{"url":"https://cloud.google.com/resource-manager/reference/rest/v1/projects"}]}]}}
[debug] [2025-06-11T18:02:22.508Z] FirebaseError: Request to https://cloudresourcemanager.googleapis.com/v1/projects had HTTP Error: 400, field [project_id] has issue [project_id contains invalid characters]
    at responseToError (C:\Users\srang\AppData\Roaming\npm\node_modules\firebase-tools\lib\responseToError.js:52:12)
    at RetryOperation._fn (C:\Users\srang\AppData\Roaming\npm\node_modules\firebase-tools\lib\apiv2.js:312:77)
    at process.processTicksAndRejections (node:internal/process/task_queues:105:5)
[error] 
[error] Error: Failed to create project. See firebase-debug.log for more info.
